{"name": "Тест: дисперсия", "status": "failed", "statusDetails": {"message": "AssertionError: assert np.float64(566.3656703302839) <= 100", "trace": "self = <test_image_procession.TestImageProcession object at 0x000002330559D350>, expected_results = {'dispersion': 100, 'position': [0, 0], 'std': 10}\ncomputed_metrics = {'dispersion': [np.float64(566.3656703302839), np.float64(515.9015722853945)], 'position': [np.float64(-0.1922692881774708), np.float64(2.9935748966321825)], 'std': [np.float64(23.79843840108598), np.float64(22.713466760611304)]}\n\n    @allure.title(\"Тест: дисперсия\")\n    def test_dispersion(self, expected_results, computed_metrics):\n        expected_disp = expected_results[\"dispersion\"]\n        actual_disp = computed_metrics[\"dispersion\"]\n        with allure.step(f\"Ожидаемое значение: {expected_disp}, актуальное: {actual_disp}\"):\n>           assert actual_disp[0] <= expected_disp\nE           assert np.float64(566.3656703302839) <= 100\n\ntests\\test_image_procession.py:30: AssertionError"}, "steps": [{"name": "Ожидаемое значение: 100, актуальное: [np.float64(566.3656703302839), np.float64(515.9015722853945)]", "status": "failed", "statusDetails": {"message": "AssertionError: assert np.float64(566.3656703302839) <= 100\n", "trace": "  File \"C:\\Users\\Admin\\PycharmProjects\\TestExercises\\Ex_1\\tests\\test_image_procession.py\", line 30, in test_dispersion\n    assert actual_disp[0] <= expected_disp\n"}, "start": 1747987380657, "stop": 1747987380657}], "start": 1747987380657, "stop": 1747987380658, "uuid": "f50b1ff9-81c0-4530-a0b0-722a76a48756", "historyId": "b5e98891ef764a34131ccb3ec6f2d8ce", "testCaseId": "b5e98891ef764a34131ccb3ec6f2d8ce", "fullName": "tests.test_image_procession.TestImageProcession#test_dispersion", "labels": [{"name": "parentSuite", "value": "tests"}, {"name": "suite", "value": "test_image_procession"}, {"name": "subSuite", "value": "TestImageProcession"}, {"name": "host", "value": "DESKTOP-3ADA6A1"}, {"name": "thread", "value": "1968-MainThread"}, {"name": "framework", "value": "pytest"}, {"name": "language", "value": "cpython3"}, {"name": "package", "value": "tests.test_image_procession"}]}