{"name": "Тест: стандартное отклонение", "status": "failed", "statusDetails": {"message": "AssertionError: assert np.float64(23.79843840108598) <= 10", "trace": "self = <test_image_procession.TestImageProcession object at 0x000002330550B610>, expected_results = {'dispersion': 100, 'position': [0, 0], 'std': 10}\ncomputed_metrics = {'dispersion': [np.float64(566.3656703302839), np.float64(515.9015722853945)], 'position': [np.float64(-0.1922692881774708), np.float64(2.9935748966321825)], 'std': [np.float64(23.79843840108598), np.float64(22.713466760611304)]}\n\n    @allure.title(\"Тест: стандартное отклонение\")\n    def test_std(self, expected_results, computed_metrics):\n        expected_std = expected_results[\"std\"]\n        actual_std = computed_metrics[\"std\"]\n        with allure.step(f\"Ожидаемое значение: {expected_std}, актуальное: [{actual_std[0]}, {actual_std[1]}]\"):\n>           assert actual_std[0] <= expected_std\nE           assert np.float64(23.79843840108598) <= 10\n\ntests\\test_image_procession.py:22: AssertionError"}, "steps": [{"name": "Ожидаемое значение: 10, актуальное: [23.79843840108598, 22.713466760611304]", "status": "failed", "statusDetails": {"message": "AssertionError: assert np.float64(23.79843840108598) <= 10\n", "trace": "  File \"C:\\Users\\Admin\\PycharmProjects\\TestExercises\\Ex_1\\tests\\test_image_procession.py\", line 22, in test_std\n    assert actual_std[0] <= expected_std\n"}, "start": 1747987380576, "stop": 1747987380576}], "start": 1747987380576, "stop": 1747987380576, "uuid": "128ac0be-023d-4dbe-8207-8a07d6b12d7e", "historyId": "3d9de06fe9d0df99a20ebb05131887ad", "testCaseId": "3d9de06fe9d0df99a20ebb05131887ad", "fullName": "tests.test_image_procession.TestImageProcession#test_std", "labels": [{"name": "parentSuite", "value": "tests"}, {"name": "suite", "value": "test_image_procession"}, {"name": "subSuite", "value": "TestImageProcession"}, {"name": "host", "value": "DESKTOP-3ADA6A1"}, {"name": "thread", "value": "1968-MainThread"}, {"name": "framework", "value": "pytest"}, {"name": "language", "value": "cpython3"}, {"name": "package", "value": "tests.test_image_procession"}]}