{"uid":"4a1b9625688024bd","name":"Тест: стандартное отклонение","fullName":"tests.test_image_procession.TestImageProcession#test_std","historyId":"3d9de06fe9d0df99a20ebb05131887ad","time":{"start":1747987380576,"stop":1747987380576,"duration":0},"status":"failed","statusMessage":"AssertionError: assert np.float64(23.79843840108598) <= 10","statusTrace":"self = <test_image_procession.TestImageProcession object at 0x000002330550B610>, expected_results = {'dispersion': 100, 'position': [0, 0], 'std': 10}\ncomputed_metrics = {'dispersion': [np.float64(566.3656703302839), np.float64(515.9015722853945)], 'position': [np.float64(-0.1922692881774708), np.float64(2.9935748966321825)], 'std': [np.float64(23.79843840108598), np.float64(22.713466760611304)]}\n\n    @allure.title(\"Тест: стандартное отклонение\")\n    def test_std(self, expected_results, computed_metrics):\n        expected_std = expected_results[\"std\"]\n        actual_std = computed_metrics[\"std\"]\n        with allure.step(f\"Ожидаемое значение: {expected_std}, актуальное: [{actual_std[0]}, {actual_std[1]}]\"):\n>           assert actual_std[0] <= expected_std\nE           assert np.float64(23.79843840108598) <= 10\n\ntests\\test_image_procession.py:22: AssertionError","flaky":false,"newFailed":false,"newBroken":false,"newPassed":false,"retriesCount":0,"retriesStatusChange":false,"beforeStages":[{"name":"Открыть изображение","time":{"start":1747987380382,"stop":1747987380399,"duration":17},"status":"passed","steps":[],"attachments":[{"uid":"7d868c9378daf153","name":"Изображение пятна","source":"7d868c9378daf153.png","type":"image/png","size":20871}],"parameters":[],"shouldDisplayMessage":false,"attachmentsCount":1,"attachmentStep":false,"stepsCount":0,"hasContent":true},{"name":"Сохранить проекции в *.csv файл","time":{"start":1747987380399,"stop":1747987380412,"duration":13},"status":"passed","steps":[],"attachments":[{"uid":"7f7b89472aa3cf59","name":"Проекция на оси в csv","source":"7f7b89472aa3cf59.csv","type":"text/csv","size":1842}],"parameters":[],"shouldDisplayMessage":false,"attachmentsCount":1,"attachmentStep":false,"stepsCount":0,"hasContent":true},{"name":"Загрузить данные из yaml","time":{"start":1747987380412,"stop":1747987380413,"duration":1},"status":"passed","steps":[],"attachments":[{"uid":"f82dd0f4a242a244","name":"Ожидаемые результаты","source":"f82dd0f4a242a244.yaml","type":"application/yaml","size":81}],"parameters":[],"shouldDisplayMessage":false,"attachmentsCount":1,"attachmentStep":false,"stepsCount":0,"hasContent":true},{"name":"Вычислить метрики, сохранить в *.json","time":{"start":1747987380413,"stop":1747987380573,"duration":160},"status":"passed","steps":[],"attachments":[{"uid":"e1b77ed5ad313cae","name":"JSON с результатами","source":"e1b77ed5ad313cae.json","type":"application/json","size":661}],"parameters":[],"shouldDisplayMessage":false,"attachmentsCount":1,"attachmentStep":false,"stepsCount":0,"hasContent":true}],"testStage":{"status":"failed","statusMessage":"AssertionError: assert np.float64(23.79843840108598) <= 10","statusTrace":"self = <test_image_procession.TestImageProcession object at 0x000002330550B610>, expected_results = {'dispersion': 100, 'position': [0, 0], 'std': 10}\ncomputed_metrics = {'dispersion': [np.float64(566.3656703302839), np.float64(515.9015722853945)], 'position': [np.float64(-0.1922692881774708), np.float64(2.9935748966321825)], 'std': [np.float64(23.79843840108598), np.float64(22.713466760611304)]}\n\n    @allure.title(\"Тест: стандартное отклонение\")\n    def test_std(self, expected_results, computed_metrics):\n        expected_std = expected_results[\"std\"]\n        actual_std = computed_metrics[\"std\"]\n        with allure.step(f\"Ожидаемое значение: {expected_std}, актуальное: [{actual_std[0]}, {actual_std[1]}]\"):\n>           assert actual_std[0] <= expected_std\nE           assert np.float64(23.79843840108598) <= 10\n\ntests\\test_image_procession.py:22: AssertionError","steps":[{"name":"Ожидаемое значение: 10, актуальное: [23.79843840108598, 22.713466760611304]","time":{"start":1747987380576,"stop":1747987380576,"duration":0},"status":"failed","statusMessage":"AssertionError: assert np.float64(23.79843840108598) <= 10\n","statusTrace":"  File \"C:\\Users\\Admin\\PycharmProjects\\TestExercises\\Ex_1\\tests\\test_image_procession.py\", line 22, in test_std\n    assert actual_std[0] <= expected_std\n","steps":[],"attachments":[],"parameters":[],"shouldDisplayMessage":true,"attachmentsCount":0,"attachmentStep":false,"stepsCount":0,"hasContent":true}],"attachments":[],"parameters":[],"shouldDisplayMessage":true,"attachmentsCount":0,"attachmentStep":false,"stepsCount":1,"hasContent":true},"afterStages":[],"labels":[{"name":"parentSuite","value":"tests"},{"name":"suite","value":"test_image_procession"},{"name":"subSuite","value":"TestImageProcession"},{"name":"host","value":"DESKTOP-3ADA6A1"},{"name":"thread","value":"1968-MainThread"},{"name":"framework","value":"pytest"},{"name":"language","value":"cpython3"},{"name":"package","value":"tests.test_image_procession"},{"name":"resultFormat","value":"allure2"}],"parameters":[],"links":[],"hidden":false,"retry":false,"extra":{"severity":"normal","retries":[],"categories":[{"name":"Product defects","matchedStatuses":[],"flaky":false}],"tags":[]},"source":"4a1b9625688024bd.json","parameterValues":[]}